[debug] > Exec(early(addDefaultCommands), None, None)
[debug] > Exec(addDefaultCommands, None, None)
[debug] > Exec(early(initialize), None, None)
[debug] > Exec(initialize, None, None)
[debug] > Exec(boot, None, None)
[debug] > Exec(writeSbtVersion, None, None)
[debug] > Exec(reload, None, None)
[debug] > Exec(sbtStashOnFailure, None, None)
[debug] > Exec(onFailure loadFailed, None, None)
[debug] > Exec(loadp, None, None)
[info] welcome to sbt 1.8.0 (Oracle Corporation Java 15.0.1)
[debug]       Load.loadUnit: plugins took 76.328274ms
[debug]       Load.loadUnit: defsScala took 0.288968ms
[debug] [Loading] Scanning directory /Users/georgy/.sbt/1.0/plugins
[debug] [Loading] Found non-root projects 
[debug] [Loading] Done in /Users/georgy/.sbt/1.0/plugins, returning: ()
[debug] deducing auto plugins based on known facts Set(Atom(sbt.plugins.CorePlugin)) and clauses Clauses(Clause(Atom(sbt.plugins.JvmPlugin),Set(Atom(sbt.plugins.IvyPlugin)))
[debug] Clause(Atom(sbt.ScriptedPlugin),Set(Atom(sbt.plugins.JvmPlugin)))
[debug] Clause(Atom(sbt.plugins.SbtPlugin),Set(Atom(sbt.ScriptedPlugin)))
[debug] Clause(Atom(sbt.plugins.SemanticdbPlugin),Set(Atom(sbt.plugins.JvmPlugin)))
[debug] Clause(Atom(sbt.plugins.JUnitXmlReportPlugin),Set(Atom(sbt.plugins.JvmPlugin)))
[debug] Clause(Atom(sbt.plugins.MiniDependencyTreePlugin),Set(Atom(sbt.plugins.JvmPlugin)))
[debug] Clause(Atom(sbt.plugins.CorePlugin),Set(Atom(sbt.plugins.IvyPlugin)))
[debug] Clause(Atom(sbt.plugins.IvyPlugin),Set(Atom(sbt.plugins.JvmPlugin)))
[debug] Clause(Atom(sbt.plugins.JvmPlugin),Set(Atom(sbt.plugins.SemanticdbPlugin)))
[debug] Clause(Atom(sbt.plugins.JvmPlugin),Set(Atom(sbt.plugins.JUnitXmlReportPlugin)))
[debug] Clause(Atom(sbt.plugins.CorePlugin),Set(Atom(sbt.plugins.Giter8TemplatePlugin)))
[debug] Clause(Atom(sbt.plugins.JvmPlugin),Set(Atom(sbt.plugins.MiniDependencyTreePlugin))))
[debug]   :: deduced result: Matched(sbt.plugins.CorePlugin,sbt.plugins.Giter8TemplatePlugin,sbt.plugins.IvyPlugin,sbt.plugins.JvmPlugin,sbt.plugins.MiniDependencyTreePlugin,sbt.plugins.JUnitXmlReportPlugin,sbt.plugins.SemanticdbPlugin)
[debug] Plugins.deducer#function took 18.785845 ms
[debug]           Load.resolveProject(global-plugins) took 42.140576ms
[debug]         Load.loadTransitive: finalizeProject(Project(id global-plugins, base: /Users/georgy/.sbt/1.0/plugins, plugins: List(<none>))) took 81.339589ms
[debug] [Loading] Done in /Users/georgy/.sbt/1.0/plugins, returning: (global-plugins)
[debug]       Load.loadUnit: loadedProjectsRaw took 106.764478ms
[debug]       Load.loadUnit: cleanEvalClasses took 0.479327ms
[debug]     Load.loadUnit(file:/Users/georgy/.sbt/1.0/plugins/, ...) took 193.943779ms
[debug]   Load.apply: load took 470.560971ms
[debug]   Load.apply: resolveProjects took 5.429806ms
[debug]   Load.apply: finalTransforms took 52.788684ms
[debug]   Load.apply: config.delegates took 6.030825ms
[debug]   Load.apply: Def.make(settings)... took 326.894221ms
[debug]   Load.apply: structureIndex took 100.764562ms
[debug]   Load.apply: mkStreams took 1.774803ms
[info] loading global plugins from /Users/georgy/.sbt/1.0/plugins
[debug] Running task... Cancel: Signal, check cycles: false, forcegc: true
[debug] Load.defaultLoad until apply took 1990.929599ms
[debug]           Load.loadUnit: plugins took 15.914013ms
[debug]           Load.loadUnit: defsScala took 0.003269ms
[debug] [Loading] Scanning directory /Users/georgy/Desktop/study/rss-parser/project
[debug] [Loading] Found non-root projects 
[debug] [Loading] Done in /Users/georgy/Desktop/study/rss-parser/project, returning: ()
[debug] deducing auto plugins based on known facts Set(Atom(sbt.plugins.CorePlugin)) and clauses Clauses(Clause(Atom(sbt.plugins.JvmPlugin),Set(Atom(sbt.plugins.IvyPlugin)))
[debug] Clause(Atom(sbt.ScriptedPlugin),Set(Atom(sbt.plugins.JvmPlugin)))
[debug] Clause(Atom(sbt.plugins.SbtPlugin),Set(Atom(sbt.ScriptedPlugin)))
[debug] Clause(Atom(sbt.plugins.SemanticdbPlugin),Set(Atom(sbt.plugins.JvmPlugin)))
[debug] Clause(Atom(sbt.plugins.JUnitXmlReportPlugin),Set(Atom(sbt.plugins.JvmPlugin)))
[debug] Clause(Atom(sbt.plugins.MiniDependencyTreePlugin),Set(Atom(sbt.plugins.JvmPlugin)))
[debug] Clause(Atom(sbt.plugins.CorePlugin),Set(Atom(sbt.plugins.IvyPlugin)))
[debug] Clause(Atom(sbt.plugins.IvyPlugin),Set(Atom(sbt.plugins.JvmPlugin)))
[debug] Clause(Atom(sbt.plugins.JvmPlugin),Set(Atom(sbt.plugins.SemanticdbPlugin)))
[debug] Clause(Atom(sbt.plugins.JvmPlugin),Set(Atom(sbt.plugins.JUnitXmlReportPlugin)))
[debug] Clause(Atom(sbt.plugins.CorePlugin),Set(Atom(sbt.plugins.Giter8TemplatePlugin)))
[debug] Clause(Atom(sbt.plugins.JvmPlugin),Set(Atom(sbt.plugins.MiniDependencyTreePlugin))))
[debug]   :: deduced result: Matched(sbt.plugins.CorePlugin,sbt.plugins.Giter8TemplatePlugin,sbt.plugins.IvyPlugin,sbt.plugins.JvmPlugin,sbt.plugins.MiniDependencyTreePlugin,sbt.plugins.JUnitXmlReportPlugin,sbt.plugins.SemanticdbPlugin)
[debug] Plugins.deducer#function took 1.717379 ms
[debug]               Load.resolveProject(rss-parser-build) took 0.853299ms
[debug]             Load.loadTransitive: finalizeProject(Project(id rss-parser-build, base: /Users/georgy/Desktop/study/rss-parser/project, plugins: List(<none>))) took 3.052453ms
[debug] [Loading] Done in /Users/georgy/Desktop/study/rss-parser/project, returning: (rss-parser-build)
[debug]           Load.loadUnit: loadedProjectsRaw took 4.493399ms
[debug]           Load.loadUnit: cleanEvalClasses took 0.012642ms
[debug]         Load.loadUnit(file:/Users/georgy/Desktop/study/rss-parser/project/, ...) took 20.960254ms
[debug]       Load.apply: load took 22.045058ms
[debug]       Load.apply: resolveProjects took 0.09801ms
[debug]       Load.apply: finalTransforms took 7.978572ms
[debug]       Load.apply: config.delegates took 0.283629ms
[debug]       Load.apply: Def.make(settings)... took 69.93705ms
[debug]       Load.apply: structureIndex took 25.514474ms
[debug]       Load.apply: mkStreams took 0.001891ms
[info] loading project definition from /Users/georgy/Desktop/study/rss-parser/project
[debug] Running task... Cancel: Signal, check cycles: false, forcegc: true
[debug]     Load.loadUnit: plugins took 318.978887ms
[debug]     Load.loadUnit: defsScala took 0.004253ms
[debug] [Loading] Scanning directory /Users/georgy/Desktop/study/rss-parser
[debug]       Load.loadUnit: mkEval took 5.277971ms
[debug] [Loading] Found root project root w/ remaining 
[debug] deducing auto plugins based on known facts Set(Atom(sbt.plugins.CorePlugin)) and clauses Clauses(Clause(Atom(sbt.plugins.JvmPlugin),Set(Atom(sbt.plugins.IvyPlugin)))
[debug] Clause(Atom(sbt.ScriptedPlugin),Set(Atom(sbt.plugins.JvmPlugin)))
[debug] Clause(Atom(sbt.plugins.SbtPlugin),Set(Atom(sbt.ScriptedPlugin)))
[debug] Clause(Atom(sbt.plugins.SemanticdbPlugin),Set(Atom(sbt.plugins.JvmPlugin)))
[debug] Clause(Atom(sbt.plugins.JUnitXmlReportPlugin),Set(Atom(sbt.plugins.JvmPlugin)))
[debug] Clause(Atom(sbt.plugins.MiniDependencyTreePlugin),Set(Atom(sbt.plugins.JvmPlugin)))
[debug] Clause(Atom(sbt.plugins.CorePlugin),Set(Atom(sbt.plugins.IvyPlugin)))
[debug] Clause(Atom(sbt.plugins.IvyPlugin),Set(Atom(sbt.plugins.JvmPlugin)))
[debug] Clause(Atom(sbt.plugins.JvmPlugin),Set(Atom(sbt.plugins.SemanticdbPlugin)))
[debug] Clause(Atom(sbt.plugins.JvmPlugin),Set(Atom(sbt.plugins.JUnitXmlReportPlugin)))
[debug] Clause(Atom(sbt.plugins.CorePlugin),Set(Atom(sbt.plugins.Giter8TemplatePlugin)))
[debug] Clause(Atom(sbt.plugins.JvmPlugin),Set(Atom(sbt.plugins.MiniDependencyTreePlugin))))
[debug]   :: deduced result: Matched(sbt.plugins.CorePlugin,sbt.plugins.Giter8TemplatePlugin,sbt.plugins.IvyPlugin,sbt.plugins.JvmPlugin,sbt.plugins.MiniDependencyTreePlugin,sbt.plugins.JUnitXmlReportPlugin,sbt.plugins.SemanticdbPlugin)
[debug] Plugins.deducer#function took 1.550292 ms
[info] loading settings for project root from build.sbt ...
[debug]         Load.resolveProject(root) took 2.037939ms
[debug]       Load.loadTransitive: finalizeProject(Project(id root, base: /Users/georgy/Desktop/study/rss-parser, plugins: List(<none>))) took 4.47761ms
[debug] [Loading] Done in /Users/georgy/Desktop/study/rss-parser, returning: (root)
[debug]     Load.loadUnit: loadedProjectsRaw took 150.103656ms
[debug]     Load.loadUnit: cleanEvalClasses took 6.516431ms
[debug]   Load.loadUnit(file:/Users/georgy/Desktop/study/rss-parser/, ...) took 476.490791ms
[debug] Load.apply: load took 477.876754ms
[debug] Load.apply: resolveProjects took 0.124063ms
[debug] Load.apply: finalTransforms took 11.182164ms
[debug] Load.apply: config.delegates took 0.383808ms
[debug] Load.apply: Def.make(settings)... took 56.050795ms
[debug] Load.apply: structureIndex took 23.960909ms
[debug] Load.apply: mkStreams took 0.002472ms
[info] set current project to rss-parser (in build file:/Users/georgy/Desktop/study/rss-parser/)
[debug] > Exec(sbtPopOnFailure, None, None)
[debug] > Exec(resumeFromFailure, None, None)
[debug] > Exec(notifyUsersAboutShell, None, None)
[debug] > Exec(iflast shell, None, None)
[debug] > Exec(shell, None, None)
[info] sbt server started at local:///Users/georgy/.sbt/1.0/server/4d075737ca9d4bab66fa/sock
[debug] Writing bsp connection file
[info] started sbt server
