[debug] > Exec(early(addDefaultCommands), None, None)
[debug] > Exec(addDefaultCommands, None, None)
[debug] > Exec(early(initialize), None, None)
[debug] > Exec(initialize, None, None)
[debug] > Exec(boot, None, None)
[debug] > Exec(writeSbtVersion, None, None)
[debug] > Exec(reload, None, None)
[debug] > Exec(sbtStashOnFailure, None, None)
[debug] > Exec(onFailure loadFailed, None, None)
[debug] > Exec(loadp, None, None)
[info] welcome to sbt 1.8.0 (Oracle Corporation Java 15.0.1)
[debug]       Load.loadUnit: plugins took 57.915315ms
[debug]       Load.loadUnit: defsScala took 0.201066ms
[debug] [Loading] Scanning directory /Users/georgy/.sbt/1.0/plugins
[debug] [Loading] Found non-root projects 
[debug] [Loading] Done in /Users/georgy/.sbt/1.0/plugins, returning: ()
[debug] deducing auto plugins based on known facts Set(Atom(sbt.plugins.CorePlugin)) and clauses Clauses(Clause(Atom(sbt.plugins.JvmPlugin),Set(Atom(sbt.plugins.IvyPlugin)))
[debug] Clause(Atom(sbt.ScriptedPlugin),Set(Atom(sbt.plugins.JvmPlugin)))
[debug] Clause(Atom(sbt.plugins.SbtPlugin),Set(Atom(sbt.ScriptedPlugin)))
[debug] Clause(Atom(sbt.plugins.SemanticdbPlugin),Set(Atom(sbt.plugins.JvmPlugin)))
[debug] Clause(Atom(sbt.plugins.JUnitXmlReportPlugin),Set(Atom(sbt.plugins.JvmPlugin)))
[debug] Clause(Atom(sbt.plugins.MiniDependencyTreePlugin),Set(Atom(sbt.plugins.JvmPlugin)))
[debug] Clause(Atom(sbt.plugins.CorePlugin),Set(Atom(sbt.plugins.IvyPlugin)))
[debug] Clause(Atom(sbt.plugins.IvyPlugin),Set(Atom(sbt.plugins.JvmPlugin)))
[debug] Clause(Atom(sbt.plugins.JvmPlugin),Set(Atom(sbt.plugins.SemanticdbPlugin)))
[debug] Clause(Atom(sbt.plugins.JvmPlugin),Set(Atom(sbt.plugins.JUnitXmlReportPlugin)))
[debug] Clause(Atom(sbt.plugins.CorePlugin),Set(Atom(sbt.plugins.Giter8TemplatePlugin)))
[debug] Clause(Atom(sbt.plugins.JvmPlugin),Set(Atom(sbt.plugins.MiniDependencyTreePlugin))))
[debug]   :: deduced result: Matched(sbt.plugins.CorePlugin,sbt.plugins.Giter8TemplatePlugin,sbt.plugins.IvyPlugin,sbt.plugins.JvmPlugin,sbt.plugins.MiniDependencyTreePlugin,sbt.plugins.JUnitXmlReportPlugin,sbt.plugins.SemanticdbPlugin)
[debug] Plugins.deducer#function took 13.520884 ms
[debug]           Load.resolveProject(global-plugins) took 30.270517ms
[debug]         Load.loadTransitive: finalizeProject(Project(id global-plugins, base: /Users/georgy/.sbt/1.0/plugins, plugins: List(<none>))) took 58.653243ms
[debug] [Loading] Done in /Users/georgy/.sbt/1.0/plugins, returning: (global-plugins)
[debug]       Load.loadUnit: loadedProjectsRaw took 75.698028ms
[debug]       Load.loadUnit: cleanEvalClasses took 0.16727ms
[debug]     Load.loadUnit(file:/Users/georgy/.sbt/1.0/plugins/, ...) took 142.528526ms
[debug]   Load.apply: load took 698.758458ms
[debug]   Load.apply: resolveProjects took 4.895567ms
[debug]   Load.apply: finalTransforms took 54.457241ms
[debug]   Load.apply: config.delegates took 7.377538ms
[debug]   Load.apply: Def.make(settings)... took 295.087299ms
[debug]   Load.apply: structureIndex took 78.519485ms
[debug]   Load.apply: mkStreams took 1.051399ms
[info] loading global plugins from /Users/georgy/.sbt/1.0/plugins
[debug] Running task... Cancel: Signal, check cycles: false, forcegc: true
[debug] Load.defaultLoad until apply took 3472.331476ms
[debug]           Load.loadUnit: plugins took 15.152861ms
[debug]           Load.loadUnit: defsScala took 0.003085ms
[debug] [Loading] Scanning directory /Users/georgy/Desktop/study/rss-parser/project
[debug] [Loading] Found non-root projects 
[debug] [Loading] Done in /Users/georgy/Desktop/study/rss-parser/project, returning: ()
[debug] deducing auto plugins based on known facts Set(Atom(sbt.plugins.CorePlugin)) and clauses Clauses(Clause(Atom(sbt.plugins.JvmPlugin),Set(Atom(sbt.plugins.IvyPlugin)))
[debug] Clause(Atom(sbt.ScriptedPlugin),Set(Atom(sbt.plugins.JvmPlugin)))
[debug] Clause(Atom(sbt.plugins.SbtPlugin),Set(Atom(sbt.ScriptedPlugin)))
[debug] Clause(Atom(sbt.plugins.SemanticdbPlugin),Set(Atom(sbt.plugins.JvmPlugin)))
[debug] Clause(Atom(sbt.plugins.JUnitXmlReportPlugin),Set(Atom(sbt.plugins.JvmPlugin)))
[debug] Clause(Atom(sbt.plugins.MiniDependencyTreePlugin),Set(Atom(sbt.plugins.JvmPlugin)))
[debug] Clause(Atom(sbt.plugins.CorePlugin),Set(Atom(sbt.plugins.IvyPlugin)))
[debug] Clause(Atom(sbt.plugins.IvyPlugin),Set(Atom(sbt.plugins.JvmPlugin)))
[debug] Clause(Atom(sbt.plugins.JvmPlugin),Set(Atom(sbt.plugins.SemanticdbPlugin)))
[debug] Clause(Atom(sbt.plugins.JvmPlugin),Set(Atom(sbt.plugins.JUnitXmlReportPlugin)))
[debug] Clause(Atom(sbt.plugins.CorePlugin),Set(Atom(sbt.plugins.Giter8TemplatePlugin)))
[debug] Clause(Atom(sbt.plugins.JvmPlugin),Set(Atom(sbt.plugins.MiniDependencyTreePlugin))))
[debug]   :: deduced result: Matched(sbt.plugins.CorePlugin,sbt.plugins.Giter8TemplatePlugin,sbt.plugins.IvyPlugin,sbt.plugins.JvmPlugin,sbt.plugins.MiniDependencyTreePlugin,sbt.plugins.JUnitXmlReportPlugin,sbt.plugins.SemanticdbPlugin)
[debug] Plugins.deducer#function took 1.362247 ms
[debug]               Load.resolveProject(rss-parser-build) took 1.184042ms
[debug]             Load.loadTransitive: finalizeProject(Project(id rss-parser-build, base: /Users/georgy/Desktop/study/rss-parser/project, plugins: List(<none>))) took 3.073738ms
[debug] [Loading] Done in /Users/georgy/Desktop/study/rss-parser/project, returning: (rss-parser-build)
[debug]           Load.loadUnit: loadedProjectsRaw took 4.539579ms
[debug]           Load.loadUnit: cleanEvalClasses took 0.012018ms
[debug]         Load.loadUnit(file:/Users/georgy/Desktop/study/rss-parser/project/, ...) took 20.323731ms
[debug]       Load.apply: load took 21.436338ms
[debug]       Load.apply: resolveProjects took 0.091177ms
[debug]       Load.apply: finalTransforms took 7.87492ms
[debug]       Load.apply: config.delegates took 0.281539ms
[debug]       Load.apply: Def.make(settings)... took 60.524559ms
[debug]       Load.apply: structureIndex took 22.576941ms
[debug]       Load.apply: mkStreams took 0.002525ms
[info] loading project definition from /Users/georgy/Desktop/study/rss-parser/project
[debug] Running task... Cancel: Signal, check cycles: false, forcegc: true
[debug]     Load.loadUnit: plugins took 443.630273ms
[debug]     Load.loadUnit: defsScala took 0.005674ms
[debug] [Loading] Scanning directory /Users/georgy/Desktop/study/rss-parser
[debug]       Load.loadUnit: mkEval took 6.752181ms
[debug] [Loading] Found root project root w/ remaining 
[debug] deducing auto plugins based on known facts Set(Atom(sbt.plugins.CorePlugin)) and clauses Clauses(Clause(Atom(sbt.plugins.JvmPlugin),Set(Atom(sbt.plugins.IvyPlugin)))
[debug] Clause(Atom(sbt.ScriptedPlugin),Set(Atom(sbt.plugins.JvmPlugin)))
[debug] Clause(Atom(sbt.plugins.SbtPlugin),Set(Atom(sbt.ScriptedPlugin)))
[debug] Clause(Atom(sbt.plugins.SemanticdbPlugin),Set(Atom(sbt.plugins.JvmPlugin)))
[debug] Clause(Atom(sbt.plugins.JUnitXmlReportPlugin),Set(Atom(sbt.plugins.JvmPlugin)))
[debug] Clause(Atom(sbt.plugins.MiniDependencyTreePlugin),Set(Atom(sbt.plugins.JvmPlugin)))
[debug] Clause(Atom(sbt.plugins.CorePlugin),Set(Atom(sbt.plugins.IvyPlugin)))
[debug] Clause(Atom(sbt.plugins.IvyPlugin),Set(Atom(sbt.plugins.JvmPlugin)))
[debug] Clause(Atom(sbt.plugins.JvmPlugin),Set(Atom(sbt.plugins.SemanticdbPlugin)))
[debug] Clause(Atom(sbt.plugins.JvmPlugin),Set(Atom(sbt.plugins.JUnitXmlReportPlugin)))
[debug] Clause(Atom(sbt.plugins.CorePlugin),Set(Atom(sbt.plugins.Giter8TemplatePlugin)))
[debug] Clause(Atom(sbt.plugins.JvmPlugin),Set(Atom(sbt.plugins.MiniDependencyTreePlugin))))
[debug]   :: deduced result: Matched(sbt.plugins.CorePlugin,sbt.plugins.Giter8TemplatePlugin,sbt.plugins.IvyPlugin,sbt.plugins.JvmPlugin,sbt.plugins.MiniDependencyTreePlugin,sbt.plugins.JUnitXmlReportPlugin,sbt.plugins.SemanticdbPlugin)
[debug] Plugins.deducer#function took 1.113579 ms
[info] loading settings for project root from build.sbt ...
[debug]         Load.resolveProject(root) took 2.212767ms
[debug]       Load.loadTransitive: finalizeProject(Project(id root, base: /Users/georgy/Desktop/study/rss-parser, plugins: List(<none>))) took 4.042149ms
[debug] [Loading] Done in /Users/georgy/Desktop/study/rss-parser, returning: (root)
[debug]     Load.loadUnit: loadedProjectsRaw took 1974.361587ms
[debug]     Load.loadUnit: cleanEvalClasses took 3.413289ms
[debug]   Load.loadUnit(file:/Users/georgy/Desktop/study/rss-parser/, ...) took 2422.096478ms
[debug] Load.apply: load took 2423.228381ms
[debug] Load.apply: resolveProjects took 0.083692ms
[debug] Load.apply: finalTransforms took 11.558787ms
[debug] Load.apply: config.delegates took 0.2547ms
[debug] Load.apply: Def.make(settings)... took 50.234256ms
[debug] Load.apply: structureIndex took 24.05605ms
[debug] Load.apply: mkStreams took 0.001986ms
[info] set current project to rss-parser (in build file:/Users/georgy/Desktop/study/rss-parser/)
[debug] > Exec(sbtPopOnFailure, None, None)
[debug] > Exec(resumeFromFailure, None, None)
[debug] > Exec(notifyUsersAboutShell, None, None)
[debug] > Exec(iflast shell, None, None)
[debug] > Exec(shell, None, None)
[info] sbt server started at local:///Users/georgy/.sbt/1.0/server/4d075737ca9d4bab66fa/sock
[debug] Writing bsp connection file
[info] started sbt server
